# JRE version: Java(TM) SE Runtime Environment (8.0_102-b14) (build 1.8.0_102-b14)
# Java VM: Java HotSpot(TM) 64-Bit Server VM (25.102-b14 mixed mode linux-amd64 compressed oops)
Heap:
 PSYoungGen      total 304640K, used 592K [0x00000000ebf80000, 0x00000000feb00000, 0x0000000100000000)
  eden space 303104K, 0% used [0x00000000ebf80000,0x00000000ebf80000,0x00000000fe780000)
  from space 1536K, 38% used [0x00000000fe800000,0x00000000fe894010,0x00000000fe980000)
  to   space 1024K, 0% used [0x00000000fea00000,0x00000000fea00000,0x00000000feb00000)
 ParOldGen       total 69120K, used 27961K [0x00000000c3e00000, 0x00000000c8180000, 0x00000000ebf80000)
  object space 69120K, 40% used [0x00000000c3e00000,0x00000000c594e600,0x00000000c8180000)
 Metaspace       used 45762K, capacity 62858K, committed 63000K, reserved 1095680K
  class space    used 10537K, capacity 16840K, committed 16936K, reserved 1048576K
GC Heap History (10 events):
Event: 574.903 GC heap after
Heap after GC invocations=635 (full 2):
 PSYoungGen      total 244736K, used 1006K [0x00000000ebf80000, 0x00000000fc400000, 0x0000000100000000)
  eden space 243712K, 0% used [0x00000000ebf80000,0x00000000ebf80000,0x00000000fad80000)
  from space 1024K, 98% used [0x00000000fc280000,0x00000000fc37ba08,0x00000000fc380000)
  to   space 512K, 0% used [0x00000000fc380000,0x00000000fc380000,0x00000000fc400000)
 ParOldGen       total 49152K, used 28476K [0x00000000c3e00000, 0x00000000c6e00000, 0x00000000ebf80000)
  object space 49152K, 57% used [0x00000000c3e00000,0x00000000c59cf0e0,0x00000000c6e00000)
 Metaspace       used 41687K, capacity 58710K, committed 58920K, reserved 1091584K
  class space    used 10049K, capacity 16337K, committed 16424K, reserved 1048576K
}
Event: 574.931 GC heap before
{Heap before GC invocations=636 (full 2):
 PSYoungGen      total 244736K, used 6734K [0x00000000ebf80000, 0x00000000fc400000, 0x0000000100000000)
  eden space 243712K, 2% used [0x00000000ebf80000,0x00000000ec517f40,0x00000000fad80000)
  from space 1024K, 98% used [0x00000000fc280000,0x00000000fc37ba08,0x00000000fc380000)
  to   space 512K, 0% used [0x00000000fc380000,0x00000000fc380000,0x00000000fc400000)
 ParOldGen       total 49152K, used 28476K [0x00000000c3e00000, 0x00000000c6e00000, 0x00000000ebf80000)
  object space 49152K, 57% used [0x00000000c3e00000,0x00000000c59cf0e0,0x00000000c6e00000)
 Metaspace       used 42048K, capacity 59068K, committed 59160K, reserved 1091584K
  class space    used 10083K, capacity 16370K, committed 16424K, reserved 1048576K
Event: 574.936 GC heap after
Heap after GC invocations=636 (full 2):
 PSYoungGen      total 265216K, used 512K [0x00000000ebf80000, 0x00000000fd300000, 0x0000000100000000)
  eden space 264704K, 0% used [0x00000000ebf80000,0x00000000ebf80000,0x00000000fc200000)
  from space 512K, 100% used [0x00000000fc380000,0x00000000fc400000,0x00000000fc400000)
  to   space 1536K, 0% used [0x00000000fc200000,0x00000000fc200000,0x00000000fc380000)
 ParOldGen       total 49152K, used 28917K [0x00000000c3e00000, 0x00000000c6e00000, 0x00000000ebf80000)
  object space 49152K, 58% used [0x00000000c3e00000,0x00000000c5a3d578,0x00000000c6e00000)
 Metaspace       used 42048K, capacity 59068K, committed 59160K, reserved 1091584K
  class space    used 10083K, capacity 16370K, committed 16424K, reserved 1048576K
}
Event: 574.936 GC heap before
{Heap before GC invocations=637 (full 3):
 PSYoungGen      total 265216K, used 512K [0x00000000ebf80000, 0x00000000fd300000, 0x0000000100000000)
  eden space 264704K, 0% used [0x00000000ebf80000,0x00000000ebf80000,0x00000000fc200000)
  from space 512K, 100% used [0x00000000fc380000,0x00000000fc400000,0x00000000fc400000)
  to   space 1536K, 0% used [0x00000000fc200000,0x00000000fc200000,0x00000000fc380000)
 ParOldGen       total 49152K, used 28917K [0x00000000c3e00000, 0x00000000c6e00000, 0x00000000ebf80000)
  object space 49152K, 58% used [0x00000000c3e00000,0x00000000c5a3d578,0x00000000c6e00000)
 Metaspace       used 42048K, capacity 59068K, committed 59160K, reserved 1091584K
  class space    used 10083K, capacity 16370K, committed 16424K, reserved 1048576K
Event: 575.258 GC heap after
Heap after GC invocations=637 (full 3):
 PSYoungGen      total 265216K, used 0K [0x00000000ebf80000, 0x00000000fd300000, 0x0000000100000000)
  eden space 264704K, 0% used [0x00000000ebf80000,0x00000000ebf80000,0x00000000fc200000)
  from space 512K, 0% used [0x00000000fc380000,0x00000000fc380000,0x00000000fc400000)
  to   space 1536K, 0% used [0x00000000fc200000,0x00000000fc200000,0x00000000fc380000)
 ParOldGen       total 69120K, used 27889K [0x00000000c3e00000, 0x00000000c8180000, 0x00000000ebf80000)
  object space 69120K, 40% used [0x00000000c3e00000,0x00000000c593c5f0,0x00000000c8180000)
 Metaspace       used 42048K, capacity 59068K, committed 59160K, reserved 1091584K
  class space    used 10083K, capacity 16370K, committed 16424K, reserved 1048576K
}
Event: 578.643 GC heap before
{Heap before GC invocations=638 (full 3):
 PSYoungGen      total 265216K, used 264704K [0x00000000ebf80000, 0x00000000fd300000, 0x0000000100000000)
  eden space 264704K, 100% used [0x00000000ebf80000,0x00000000fc200000,0x00000000fc200000)
  from space 512K, 0% used [0x00000000fc380000,0x00000000fc380000,0x00000000fc400000)
  to   space 1536K, 0% used [0x00000000fc200000,0x00000000fc200000,0x00000000fc380000)
 ParOldGen       total 69120K, used 27889K [0x00000000c3e00000, 0x00000000c8180000, 0x00000000ebf80000)
  object space 69120K, 40% used [0x00000000c3e00000,0x00000000c593c5f0,0x00000000c8180000)
 Metaspace       used 45762K, capacity 62858K, committed 63000K, reserved 1095680K
  class space    used 10537K, capacity 16840K, committed 16936K, reserved 1048576K
Event: 578.660 GC heap after
Heap after GC invocations=638 (full 3):
 PSYoungGen      total 266240K, used 608K [0x00000000ebf80000, 0x00000000feb80000, 0x0000000100000000)
  eden space 264704K, 0% used [0x00000000ebf80000,0x00000000ebf80000,0x00000000fc200000)
  from space 1536K, 39% used [0x00000000fc200000,0x00000000fc298000,0x00000000fc380000)
  to   space 1536K, 0% used [0x00000000fea00000,0x00000000fea00000,0x00000000feb80000)
 ParOldGen       total 69120K, used 27961K [0x00000000c3e00000, 0x00000000c8180000, 0x00000000ebf80000)
  object space 69120K, 40% used [0x00000000c3e00000,0x00000000c594e600,0x00000000c8180000)
 Metaspace       used 45762K, capacity 62858K, committed 63000K, reserved 1095680K
  class space    used 10537K, capacity 16840K, committed 16936K, reserved 1048576K
}
Event: 579.182 GC heap before
{Heap before GC invocations=639 (full 3):
 PSYoungGen      total 266240K, used 265312K [0x00000000ebf80000, 0x00000000feb80000, 0x0000000100000000)
  eden space 264704K, 100% used [0x00000000ebf80000,0x00000000fc200000,0x00000000fc200000)
  from space 1536K, 39% used [0x00000000fc200000,0x00000000fc298000,0x00000000fc380000)
  to   space 1536K, 0% used [0x00000000fea00000,0x00000000fea00000,0x00000000feb80000)
 ParOldGen       total 69120K, used 27961K [0x00000000c3e00000, 0x00000000c8180000, 0x00000000ebf80000)
  object space 69120K, 40% used [0x00000000c3e00000,0x00000000c594e600,0x00000000c8180000)
 Metaspace       used 45762K, capacity 62858K, committed 63000K, reserved 1095680K
  class space    used 10537K, capacity 16840K, committed 16936K, reserved 1048576K
Event: 579.194 GC heap after
Heap after GC invocations=639 (full 3):
 PSYoungGen      total 304128K, used 640K [0x00000000ebf80000, 0x00000000feb00000, 0x0000000100000000)
  eden space 303104K, 0% used [0x00000000ebf80000,0x00000000ebf80000,0x00000000fe780000)
  from space 1024K, 62% used [0x00000000fea00000,0x00000000feaa0000,0x00000000feb00000)
  to   space 1536K, 0% used [0x00000000fe800000,0x00000000fe800000,0x00000000fe980000)
 ParOldGen       total 69120K, used 27961K [0x00000000c3e00000, 0x00000000c8180000, 0x00000000ebf80000)
  object space 69120K, 40% used [0x00000000c3e00000,0x00000000c594e600,0x00000000c8180000)
 Metaspace       used 45762K, capacity 62858K, committed 63000K, reserved 1095680K
  class space    used 10537K, capacity 16840K, committed 16936K, reserved 1048576K
}
Event: 580.125 GC heap before
{Heap before GC invocations=640 (full 3):
 PSYoungGen      total 304128K, used 303744K [0x00000000ebf80000, 0x00000000feb00000, 0x0000000100000000)
  eden space 303104K, 100% used [0x00000000ebf80000,0x00000000fe780000,0x00000000fe780000)
  from space 1024K, 62% used [0x00000000fea00000,0x00000000feaa0000,0x00000000feb00000)
  to   space 1536K, 0% used [0x00000000fe800000,0x00000000fe800000,0x00000000fe980000)
 ParOldGen       total 69120K, used 27961K [0x00000000c3e00000, 0x00000000c8180000, 0x00000000ebf80000)
  object space 69120K, 40% used [0x00000000c3e00000,0x00000000c594e600,0x00000000c8180000)
 Metaspace       used 45762K, capacity 62858K, committed 63000K, reserved 1095680K
  class space    used 10537K, capacity 16840K, committed 16936K, reserved 1048576K

